<?xml version="1.0" encoding="UTF-8"?>
<!-- Generated by org.testng.reporters.JUnitReportReporter -->
<testsuite skipped="0" hostname="NividousKeyur" name="Grid_2" tests="1" failures="0" timestamp="07 Jan 2020 11:35:06 GMT" time="7.616" errors="0">
  <testcase name="simpleTest" time="7.616" classname="Grid_2"/>
</testsuite> <!-- Grid_2 -->
