<?xml version="1.0" encoding="UTF-8"?>
<!-- Generated by org.testng.reporters.JUnitReportReporter -->
<testsuite skipped="0" hostname="NividousKeyur" name="SeleniumGridExample" tests="1" failures="0" timestamp="07 Jan 2020 11:36:02 GMT" time="6.471" errors="0">
  <testcase name="simpleTest" time="6.471" classname="SeleniumGridExample"/>
</testsuite> <!-- SeleniumGridExample -->
